{"name": "Successful profile setup completion", "status": "broken", "statusDetails": {"message": "selenium.common.exceptions.NoSuchWindowException: Message: no such window: target window already closed\nfrom unknown error: web view not found\n  (Session info: chrome=136.0.7103.48)\nStacktrace:\n\tGetHandleVerifier [0x00007FF747C1A145+76773]\n\tGetHandleVerifier [0x00007FF747C1A1A0+76864]\n\t(No symbol) [0x00007FF7479D8F7A]\n\t(No symbol) [0x00007FF7479B1B31]\n\t(No symbol) [0x00007FF747A5EA8E]\n\t(No symbol) [0x00007FF747A7E9C2]\n\t(No symbol) [0x00007FF747A57133]\n\t(No symbol) [0x00007FF747A204D1]\n\t(No symbol) [0x00007FF747A21263]\n\tGetHandleVerifier [0x00007FF747EDA8ED+2962317]\n\tGetHandleVerifier [0x00007FF747ED4EC2+2939234]\n\tGetHandleVerifier [0x00007FF747EF2FF3+3062419]\n\tGetHandleVerifier [0x00007FF747C34B9A+185914]\n\tGetHandleVerifier [0x00007FF747C3C78F+217647]\n\tGetHandleVerifier [0x00007FF747C22A44+111844]\n\tGetHandleVerifier [0x00007FF747C22BF2+112274]\n\tGetHandleVerifier [0x00007FF747C08A79+5401]\n\tBaseThreadInitThunk [0x00007FFA501F7374+20]\n\tRtlUserThreadStart [0x00007FFA505DCC91+33]\n\n", "trace": "  File \"C:\\Users\\admin\\PycharmProjects\\PythonProject\\.venv\\Lib\\site-packages\\behave\\model.py\", line 1329, in run\n    match.run(runner.context)\n  File \"C:\\Users\\admin\\PycharmProjects\\PythonProject\\.venv\\Lib\\site-packages\\behave\\matchers.py\", line 98, in run\n    self.func(context, *args, **kwargs)\n  File \"C:\\Users\\admin\\PycharmProjects\\PythonProject\\.venv\\Lib\\site-packages\\allure_commons\\_allure.py\", line 202, in impl\n    return func(*a, **kw)\n           ^^^^^^^^^^^^^^\n  File \"features\\steps\\profile_setup.py\", line 17, in step_impl\n    perform_login(context.driver)\n  File \"C:\\Users\\admin\\PycharmProjects\\PythonProject\\features\\login_utils.py\", line 25, in perform_login\n    mobile_input = WebDriverWait(driver, 10).until(\n                   ^^^^^^^^^^^^^^^^^^^^^^^^^^^^^^^^\n  File \"C:\\Users\\admin\\PycharmProjects\\PythonProject\\.venv\\Lib\\site-packages\\selenium\\webdriver\\support\\wait.py\", line 137, in until\n    value = method(self._driver)\n            ^^^^^^^^^^^^^^^^^^^^\n  File \"C:\\Users\\admin\\PycharmProjects\\PythonProject\\.venv\\Lib\\site-packages\\selenium\\webdriver\\support\\expected_conditions.py\", line 224, in _predicate\n    return _element_if_visible(driver.find_element(*locator))\n                               ^^^^^^^^^^^^^^^^^^^^^^^^^^^^^\n  File \"C:\\Users\\admin\\PycharmProjects\\PythonProject\\.venv\\Lib\\site-packages\\selenium\\webdriver\\remote\\webdriver.py\", line 898, in find_element\n    return self.execute(Command.FIND_ELEMENT, {\"using\": by, \"value\": value})[\"value\"]\n           ^^^^^^^^^^^^^^^^^^^^^^^^^^^^^^^^^^^^^^^^^^^^^^^^^^^^^^^^^^^^^^^^^\n  File \"C:\\Users\\admin\\PycharmProjects\\PythonProject\\.venv\\Lib\\site-packages\\selenium\\webdriver\\remote\\webdriver.py\", line 429, in execute\n    self.error_handler.check_response(response)\n  File \"C:\\Users\\admin\\PycharmProjects\\PythonProject\\.venv\\Lib\\site-packages\\selenium\\webdriver\\remote\\errorhandler.py\", line 232, in check_response\n    raise exception_class(message, screen, stacktrace)\n"}, "steps": [{"name": "Given the company is on the profile setup page", "status": "broken", "statusDetails": {"message": "selenium.common.exceptions.NoSuchWindowException: Message: no such window: target window already closed\nfrom unknown error: web view not found\n  (Session info: chrome=136.0.7103.48)\nStacktrace:\n\tGetHandleVerifier [0x00007FF747C1A145+76773]\n\tGetHandleVerifier [0x00007FF747C1A1A0+76864]\n\t(No symbol) [0x00007FF7479D8F7A]\n\t(No symbol) [0x00007FF7479B1B31]\n\t(No symbol) [0x00007FF747A5EA8E]\n\t(No symbol) [0x00007FF747A7E9C2]\n\t(No symbol) [0x00007FF747A57133]\n\t(No symbol) [0x00007FF747A204D1]\n\t(No symbol) [0x00007FF747A21263]\n\tGetHandleVerifier [0x00007FF747EDA8ED+2962317]\n\tGetHandleVerifier [0x00007FF747ED4EC2+2939234]\n\tGetHandleVerifier [0x00007FF747EF2FF3+3062419]\n\tGetHandleVerifier [0x00007FF747C34B9A+185914]\n\tGetHandleVerifier [0x00007FF747C3C78F+217647]\n\tGetHandleVerifier [0x00007FF747C22A44+111844]\n\tGetHandleVerifier [0x00007FF747C22BF2+112274]\n\tGetHandleVerifier [0x00007FF747C08A79+5401]\n\tBaseThreadInitThunk [0x00007FFA501F7374+20]\n\tRtlUserThreadStart [0x00007FFA505DCC91+33]\n\n", "trace": "  File \"C:\\Users\\admin\\PycharmProjects\\PythonProject\\.venv\\Lib\\site-packages\\behave\\model.py\", line 1329, in run\n    match.run(runner.context)\n  File \"C:\\Users\\admin\\PycharmProjects\\PythonProject\\.venv\\Lib\\site-packages\\behave\\matchers.py\", line 98, in run\n    self.func(context, *args, **kwargs)\n  File \"C:\\Users\\admin\\PycharmProjects\\PythonProject\\.venv\\Lib\\site-packages\\allure_commons\\_allure.py\", line 202, in impl\n    return func(*a, **kw)\n           ^^^^^^^^^^^^^^\n  File \"features\\steps\\profile_setup.py\", line 17, in step_impl\n    perform_login(context.driver)\n  File \"C:\\Users\\admin\\PycharmProjects\\PythonProject\\features\\login_utils.py\", line 25, in perform_login\n    mobile_input = WebDriverWait(driver, 10).until(\n                   ^^^^^^^^^^^^^^^^^^^^^^^^^^^^^^^^\n  File \"C:\\Users\\admin\\PycharmProjects\\PythonProject\\.venv\\Lib\\site-packages\\selenium\\webdriver\\support\\wait.py\", line 137, in until\n    value = method(self._driver)\n            ^^^^^^^^^^^^^^^^^^^^\n  File \"C:\\Users\\admin\\PycharmProjects\\PythonProject\\.venv\\Lib\\site-packages\\selenium\\webdriver\\support\\expected_conditions.py\", line 224, in _predicate\n    return _element_if_visible(driver.find_element(*locator))\n                               ^^^^^^^^^^^^^^^^^^^^^^^^^^^^^\n  File \"C:\\Users\\admin\\PycharmProjects\\PythonProject\\.venv\\Lib\\site-packages\\selenium\\webdriver\\remote\\webdriver.py\", line 898, in find_element\n    return self.execute(Command.FIND_ELEMENT, {\"using\": by, \"value\": value})[\"value\"]\n           ^^^^^^^^^^^^^^^^^^^^^^^^^^^^^^^^^^^^^^^^^^^^^^^^^^^^^^^^^^^^^^^^^\n  File \"C:\\Users\\admin\\PycharmProjects\\PythonProject\\.venv\\Lib\\site-packages\\selenium\\webdriver\\remote\\webdriver.py\", line 429, in execute\n    self.error_handler.check_response(response)\n  File \"C:\\Users\\admin\\PycharmProjects\\PythonProject\\.venv\\Lib\\site-packages\\selenium\\webdriver\\remote\\errorhandler.py\", line 232, in check_response\n    raise exception_class(message, screen, stacktrace)\n"}, "steps": [{"name": "the company is on the profile setup page", "status": "broken", "statusDetails": {"message": "selenium.common.exceptions.NoSuchWindowException: Message: no such window: target window already closed\nfrom unknown error: web view not found\n  (Session info: chrome=136.0.7103.48)\nStacktrace:\n\tGetHandleVerifier [0x00007FF747C1A145+76773]\n\tGetHandleVerifier [0x00007FF747C1A1A0+76864]\n\t(No symbol) [0x00007FF7479D8F7A]\n\t(No symbol) [0x00007FF7479B1B31]\n\t(No symbol) [0x00007FF747A5EA8E]\n\t(No symbol) [0x00007FF747A7E9C2]\n\t(No symbol) [0x00007FF747A57133]\n\t(No symbol) [0x00007FF747A204D1]\n\t(No symbol) [0x00007FF747A21263]\n\tGetHandleVerifier [0x00007FF747EDA8ED+2962317]\n\tGetHandleVerifier [0x00007FF747ED4EC2+2939234]\n\tGetHandleVerifier [0x00007FF747EF2FF3+3062419]\n\tGetHandleVerifier [0x00007FF747C34B9A+185914]\n\tGetHandleVerifier [0x00007FF747C3C78F+217647]\n\tGetHandleVerifier [0x00007FF747C22A44+111844]\n\tGetHandleVerifier [0x00007FF747C22BF2+112274]\n\tGetHandleVerifier [0x00007FF747C08A79+5401]\n\tBaseThreadInitThunk [0x00007FFA501F7374+20]\n\tRtlUserThreadStart [0x00007FFA505DCC91+33]\n\n", "trace": "  File \"C:\\Users\\admin\\PycharmProjects\\PythonProject\\.venv\\Lib\\site-packages\\allure_commons\\_allure.py\", line 202, in impl\n    return func(*a, **kw)\n           ^^^^^^^^^^^^^^\n  File \"features\\steps\\profile_setup.py\", line 17, in step_impl\n    perform_login(context.driver)\n  File \"C:\\Users\\admin\\PycharmProjects\\PythonProject\\features\\login_utils.py\", line 25, in perform_login\n    mobile_input = WebDriverWait(driver, 10).until(\n                   ^^^^^^^^^^^^^^^^^^^^^^^^^^^^^^^^\n  File \"C:\\Users\\admin\\PycharmProjects\\PythonProject\\.venv\\Lib\\site-packages\\selenium\\webdriver\\support\\wait.py\", line 137, in until\n    value = method(self._driver)\n            ^^^^^^^^^^^^^^^^^^^^\n  File \"C:\\Users\\admin\\PycharmProjects\\PythonProject\\.venv\\Lib\\site-packages\\selenium\\webdriver\\support\\expected_conditions.py\", line 224, in _predicate\n    return _element_if_visible(driver.find_element(*locator))\n                               ^^^^^^^^^^^^^^^^^^^^^^^^^^^^^\n  File \"C:\\Users\\admin\\PycharmProjects\\PythonProject\\.venv\\Lib\\site-packages\\selenium\\webdriver\\remote\\webdriver.py\", line 898, in find_element\n    return self.execute(Command.FIND_ELEMENT, {\"using\": by, \"value\": value})[\"value\"]\n           ^^^^^^^^^^^^^^^^^^^^^^^^^^^^^^^^^^^^^^^^^^^^^^^^^^^^^^^^^^^^^^^^^\n  File \"C:\\Users\\admin\\PycharmProjects\\PythonProject\\.venv\\Lib\\site-packages\\selenium\\webdriver\\remote\\webdriver.py\", line 429, in execute\n    self.error_handler.check_response(response)\n  File \"C:\\Users\\admin\\PycharmProjects\\PythonProject\\.venv\\Lib\\site-packages\\selenium\\webdriver\\remote\\errorhandler.py\", line 232, in check_response\n    raise exception_class(message, screen, stacktrace)\n"}, "parameters": [{"name": "context", "value": "<behave.runner.Context object at 0x000001BB1C7AEEA0>"}], "start": 1746528295259, "stop": 1746528299909}], "start": 1746528295258, "stop": 1746528299913}, {"name": "Given the company has filled in all required fields", "status": "skipped", "start": 1746528299914, "stop": 1746528299914}, {"name": "When the company submits the profile", "status": "skipped", "start": 1746528299914, "stop": 1746528299914}, {"name": "Then the company's account should be marked as successfully created", "status": "skipped", "start": 1746528299914, "stop": 1746528299914}], "start": 1746528295257, "stop": 1746528299914, "uuid": "6cd756d4-0ec7-4a31-8592-32afa7cd309e", "historyId": "78e90561dd43c1e826ef491b8e01d316", "fullName": "Company Profile Setup: Successful profile setup completion", "labels": [{"name": "severity", "value": "normal"}, {"name": "feature", "value": "Company Profile Setup"}, {"name": "framework", "value": "behave"}, {"name": "language", "value": "cpython3"}]}